  [1m[35m (0.1ms)[0m  [1m[34mSELECT sqlite_version(*)[0m
  [1m[35m (96.6ms)[0m  [1m[35mCREATE TABLE "schema_migrations" ("version" varchar NOT NULL PRIMARY KEY)[0m
  [1m[35m (44.2ms)[0m  [1m[35mCREATE TABLE "ar_internal_metadata" ("key" varchar NOT NULL PRIMARY KEY, "value" varchar, "created_at" datetime NOT NULL, "updated_at" datetime NOT NULL)[0m
  [1m[35m (0.2ms)[0m  [1m[34mSELECT "schema_migrations"."version" FROM "schema_migrations" ORDER BY "schema_migrations"."version" ASC[0m
Migrating to CreateClients (20171114213656)
  [1m[35m (0.1ms)[0m  [1m[36mbegin transaction[0m
  [1m[35m (3.7ms)[0m  [1m[35mCREATE TABLE "clients" ("id" INTEGER PRIMARY KEY AUTOINCREMENT NOT NULL, "nominative" varchar, "email" varchar, "via" varchar, "civico" integer, "cap" integer, "citta" varchar, "provincia" varchar, "stato" varchar, "numero" varchar, "partita_iva" varchar, "codice_fiscale" varchar, "created_at" datetime NOT NULL, "updated_at" datetime NOT NULL)[0m
  [1m[35mSQL (0.8ms)[0m  [1m[32mINSERT INTO "schema_migrations" ("version") VALUES (?)[0m  [["version", "20171114213656"]]
  [1m[35m (42.5ms)[0m  [1m[36mcommit transaction[0m
Migrating to CreateRates (20171114213820)
  [1m[35m (0.1ms)[0m  [1m[36mbegin transaction[0m
  [1m[35m (0.9ms)[0m  [1m[35mCREATE TABLE "rates" ("id" INTEGER PRIMARY KEY AUTOINCREMENT NOT NULL, "hourly_rate" float, "created_at" datetime NOT NULL, "updated_at" datetime NOT NULL)[0m
  [1m[35mSQL (0.3ms)[0m  [1m[32mINSERT INTO "schema_migrations" ("version") VALUES (?)[0m  [["version", "20171114213820"]]
  [1m[35m (67.9ms)[0m  [1m[36mcommit transaction[0m
Migrating to CreatePerformances (20171114214324)
  [1m[35m (0.1ms)[0m  [1m[36mbegin transaction[0m
  [1m[35m (0.9ms)[0m  [1m[35mCREATE TABLE "performances" ("id" INTEGER PRIMARY KEY AUTOINCREMENT NOT NULL, "client_id" integer, "description" text, "date" date, "duration" integer, "invoiced" boolean, "rate_id" integer, "created_at" datetime NOT NULL, "updated_at" datetime NOT NULL, CONSTRAINT "fk_rails_bc76650804"
FOREIGN KEY ("client_id")
  REFERENCES "clients" ("id")
, CONSTRAINT "fk_rails_1dfc30c61f"
FOREIGN KEY ("rate_id")
  REFERENCES "rates" ("id")
)[0m
  [1m[35m (1.9ms)[0m  [1m[35mCREATE  INDEX "index_performances_on_client_id" ON "performances" ("client_id")[0m
  [1m[35m (0.1ms)[0m  [1m[34m            SELECT sql
            FROM sqlite_master
            WHERE name='index_performances_on_client_id' AND type='index'
            UNION ALL
            SELECT sql
            FROM sqlite_temp_master
            WHERE name='index_performances_on_client_id' AND type='index'
[0m
  [1m[35m (0.4ms)[0m  [1m[35mCREATE  INDEX "index_performances_on_rate_id" ON "performances" ("rate_id")[0m
  [1m[35mSQL (0.1ms)[0m  [1m[32mINSERT INTO "schema_migrations" ("version") VALUES (?)[0m  [["version", "20171114214324"]]
  [1m[35m (42.4ms)[0m  [1m[36mcommit transaction[0m
Migrating to CreateInvoices (20171114214515)
  [1m[35m (0.1ms)[0m  [1m[36mbegin transaction[0m
  [1m[35m (0.5ms)[0m  [1m[35mCREATE TABLE "invoices" ("id" INTEGER PRIMARY KEY AUTOINCREMENT NOT NULL, "client_id" integer, "number" integer, "date" date, "file" text, "amount" float, "created_at" datetime NOT NULL, "updated_at" datetime NOT NULL, CONSTRAINT "fk_rails_a9aec430df"
FOREIGN KEY ("client_id")
  REFERENCES "clients" ("id")
)[0m
  [1m[35m (0.2ms)[0m  [1m[35mCREATE  INDEX "index_invoices_on_client_id" ON "invoices" ("client_id")[0m
  [1m[35mSQL (0.2ms)[0m  [1m[32mINSERT INTO "schema_migrations" ("version") VALUES (?)[0m  [["version", "20171114214515"]]
  [1m[35m (24.8ms)[0m  [1m[36mcommit transaction[0m
  [1m[36mActiveRecord::InternalMetadata Load (3.3ms)[0m  [1m[34mSELECT  "ar_internal_metadata".* FROM "ar_internal_metadata" WHERE "ar_internal_metadata"."key" = ? LIMIT ?[0m  [["key", "environment"], ["LIMIT", 1]]
  [1m[35m (0.1ms)[0m  [1m[36mbegin transaction[0m
  [1m[35mSQL (0.6ms)[0m  [1m[32mINSERT INTO "ar_internal_metadata" ("key", "value", "created_at", "updated_at") VALUES (?, ?, ?, ?)[0m  [["key", "environment"], ["value", "development"], ["created_at", "2017-11-14 21:46:09.422506"], ["updated_at", "2017-11-14 21:46:09.422506"]]
  [1m[35m (35.6ms)[0m  [1m[36mcommit transaction[0m
  [1m[35m (0.1ms)[0m  [1m[34mSELECT "schema_migrations"."version" FROM "schema_migrations" ORDER BY "schema_migrations"."version" ASC[0m
  [1m[35m (0.6ms)[0m  [1m[34m            SELECT sql
            FROM sqlite_master
            WHERE name='index_invoices_on_client_id' AND type='index'
            UNION ALL
            SELECT sql
            FROM sqlite_temp_master
            WHERE name='index_invoices_on_client_id' AND type='index'
[0m
  [1m[35m (0.3ms)[0m  [1m[34m            SELECT sql
            FROM sqlite_master
            WHERE name='index_performances_on_rate_id' AND type='index'
            UNION ALL
            SELECT sql
            FROM sqlite_temp_master
            WHERE name='index_performances_on_rate_id' AND type='index'
[0m
  [1m[35m (0.5ms)[0m  [1m[34m            SELECT sql
            FROM sqlite_master
            WHERE name='index_performances_on_client_id' AND type='index'
            UNION ALL
            SELECT sql
            FROM sqlite_temp_master
            WHERE name='index_performances_on_client_id' AND type='index'
[0m
Started GET "/" for 127.0.0.1 at 2017-11-14 22:48:51 +0100
  [1m[35m (0.3ms)[0m  [1m[34mSELECT "schema_migrations"."version" FROM "schema_migrations" ORDER BY "schema_migrations"."version" ASC[0m
Processing by Rails::WelcomeController#index as HTML
  Rendering /home/paolo/.rbenv/versions/2.4.2/lib/ruby/gems/2.4.0/gems/railties-5.1.4/lib/rails/templates/rails/welcome/index.html.erb
  Rendered /home/paolo/.rbenv/versions/2.4.2/lib/ruby/gems/2.4.0/gems/railties-5.1.4/lib/rails/templates/rails/welcome/index.html.erb (7.5ms)
Completed 200 OK in 70ms (Views: 48.0ms | ActiveRecord: 0.0ms)


Started GET "/clients" for 127.0.0.1 at 2017-11-14 22:48:57 +0100
Processing by ClientsController#index as HTML
  Rendering clients/index.html.erb within layouts/application
  [1m[36mClient Load (0.7ms)[0m  [1m[34mSELECT "clients".* FROM "clients"[0m
  Rendered clients/index.html.erb within layouts/application (7.7ms)
Completed 200 OK in 2641ms (Views: 2609.1ms | ActiveRecord: 1.5ms)


Started GET "/rates" for 127.0.0.1 at 2017-11-14 22:49:05 +0100
Processing by RatesController#index as HTML
  Rendering rates/index.html.erb within layouts/application
  [1m[36mRate Load (0.2ms)[0m  [1m[34mSELECT "rates".* FROM "rates"[0m
  Rendered rates/index.html.erb within layouts/application (3.5ms)
Completed 200 OK in 64ms (Views: 58.8ms | ActiveRecord: 0.4ms)


Started GET "/rates/new" for 127.0.0.1 at 2017-11-14 22:49:07 +0100
Processing by RatesController#new as HTML
  Rendering rates/new.html.erb within layouts/application
  Rendered rates/_form.html.erb (199.9ms)
  Rendered rates/new.html.erb within layouts/application (210.4ms)
Completed 200 OK in 297ms (Views: 279.0ms | ActiveRecord: 0.4ms)


Started GET "/rates" for 127.0.0.1 at 2017-11-14 22:49:26 +0100
Processing by RatesController#index as HTML
  Rendering rates/index.html.erb within layouts/application
  [1m[36mRate Load (0.2ms)[0m  [1m[34mSELECT "rates".* FROM "rates"[0m
  Rendered rates/index.html.erb within layouts/application (14.8ms)
Completed 200 OK in 91ms (Views: 87.8ms | ActiveRecord: 0.2ms)


Started GET "/clients" for 127.0.0.1 at 2017-11-14 22:57:17 +0100
Processing by ClientsController#index as HTML
  Rendering clients/index.html.erb within layouts/application
  [1m[36mClient Load (3.6ms)[0m  [1m[34mSELECT "clients".* FROM "clients"[0m
  Rendered clients/index.html.erb within layouts/application (8.2ms)
Completed 200 OK in 62ms (Views: 48.4ms | ActiveRecord: 4.2ms)


Started GET "/clients" for 127.0.0.1 at 2017-11-14 22:59:08 +0100
Processing by ClientsController#index as HTML
Completed 500 Internal Server Error in 10ms


  
ArgumentError (:in and :within must be a Range):
  
app/models/client.rb:10:in `<class:Client>'
app/models/client.rb:1:in `<top (required)>'
app/controllers/clients_controller.rb:7:in `index'
Started GET "/clients" for 127.0.0.1 at 2017-11-14 23:01:16 +0100
Processing by ClientsController#index as HTML
  Rendering clients/index.html.erb within layouts/application
  [1m[36mClient Load (0.2ms)[0m  [1m[34mSELECT "clients".* FROM "clients"[0m
  Rendered clients/index.html.erb within layouts/application (21.7ms)
Completed 200 OK in 61ms (Views: 52.5ms | ActiveRecord: 1.0ms)


Started GET "/clients/new" for 127.0.0.1 at 2017-11-14 23:01:18 +0100
Processing by ClientsController#new as HTML
  Rendering clients/new.html.erb within layouts/application
  Rendered clients/_form.html.erb (27.3ms)
  Rendered clients/new.html.erb within layouts/application (29.0ms)
Completed 200 OK in 124ms (Views: 62.5ms | ActiveRecord: 0.4ms)


Started POST "/clients" for 127.0.0.1 at 2017-11-14 23:03:09 +0100
Processing by ClientsController#create as HTML
  Parameters: {"utf8"=>"✓", "authenticity_token"=>"LhJIv4DAdCe9agl/4uZVjFJy93VhsOck+t91HNAGfwMOTrPAmGdGmeyAOdwYMucfGP1rqq7K3+9xmOttKZcYug==", "client"=>{"nominative"=>"Università degli Studi di Trento", "email"=>"universita@unitn.it", "via"=>"sommarive", "civico"=>"9", "cap"=>"38100", "citta"=>"Trento", "provincia"=>"Trento", "stato"=>"Italia", "numero"=>"0461281111", "partita_iva"=>"", "codice_fiscale"=>""}, "commit"=>"Create Client"}
  [1m[35m (0.1ms)[0m  [1m[36mbegin transaction[0m
  [1m[36mClient Exists (0.7ms)[0m  [1m[34mSELECT  1 AS one FROM "clients" WHERE "clients"."nominative" = ? LIMIT ?[0m  [["nominative", "Università degli Studi di Trento"], ["LIMIT", 1]]
  [1m[35m (0.1ms)[0m  [1m[31mrollback transaction[0m
  Rendering clients/new.html.erb within layouts/application
  Rendered clients/_form.html.erb (9.6ms)
  Rendered clients/new.html.erb within layouts/application (11.2ms)
Completed 200 OK in 69ms (Views: 45.9ms | ActiveRecord: 0.9ms)


Started POST "/clients" for 127.0.0.1 at 2017-11-14 23:03:28 +0100
Processing by ClientsController#create as HTML
  Parameters: {"utf8"=>"✓", "authenticity_token"=>"jsa+5A9S1qZ0ncRWzidAsUxhWZ+890ngZgBU268HHrME2gMSKU19w1gDTnvX4xmZzA7iGAuigqgXOMuDvZGn+A==", "client"=>{"nominative"=>"Università degli Studi di Trento", "email"=>"universita@unitn.it", "via"=>"sommarive", "civico"=>"9", "cap"=>"38100", "citta"=>"Trento", "provincia"=>"Trento", "stato"=>"Italia", "numero"=>"0461281111", "partita_iva"=>"12345678901", "codice_fiscale"=>""}, "commit"=>"Create Client"}
  [1m[35m (0.2ms)[0m  [1m[36mbegin transaction[0m
  [1m[36mClient Exists (0.1ms)[0m  [1m[34mSELECT  1 AS one FROM "clients" WHERE "clients"."nominative" = ? LIMIT ?[0m  [["nominative", "Università degli Studi di Trento"], ["LIMIT", 1]]
  [1m[35mSQL (33.9ms)[0m  [1m[32mINSERT INTO "clients" ("nominative", "email", "via", "civico", "cap", "citta", "provincia", "stato", "numero", "partita_iva", "codice_fiscale", "created_at", "updated_at") VALUES (?, ?, ?, ?, ?, ?, ?, ?, ?, ?, ?, ?, ?)[0m  [["nominative", "Università degli Studi di Trento"], ["email", "universita@unitn.it"], ["via", "sommarive"], ["civico", 9], ["cap", 38100], ["citta", "Trento"], ["provincia", "Trento"], ["stato", "Italia"], ["numero", "0461281111"], ["partita_iva", "12345678901"], ["codice_fiscale", ""], ["created_at", "2017-11-14 22:03:28.240747"], ["updated_at", "2017-11-14 22:03:28.240747"]]
  [1m[35m (297.5ms)[0m  [1m[36mcommit transaction[0m
Redirected to http://localhost:3000/clients/1
Completed 302 Found in 358ms (ActiveRecord: 331.7ms)


Started GET "/clients/1" for 127.0.0.1 at 2017-11-14 23:03:28 +0100
Processing by ClientsController#show as HTML
  Parameters: {"id"=>"1"}
  [1m[36mClient Load (0.4ms)[0m  [1m[34mSELECT  "clients".* FROM "clients" WHERE "clients"."id" = ? LIMIT ?[0m  [["id", 1], ["LIMIT", 1]]
  Rendering clients/show.html.erb within layouts/application
  Rendered clients/show.html.erb within layouts/application (3.1ms)
Completed 200 OK in 84ms (Views: 47.5ms | ActiveRecord: 0.4ms)


Started GET "/clients" for 127.0.0.1 at 2017-11-14 23:03:42 +0100
Processing by ClientsController#index as HTML
  Rendering clients/index.html.erb within layouts/application
  [1m[36mClient Load (0.2ms)[0m  [1m[34mSELECT "clients".* FROM "clients"[0m
  Rendered clients/index.html.erb within layouts/application (2.8ms)
Completed 200 OK in 31ms (Views: 29.2ms | ActiveRecord: 0.2ms)


Started GET "/rates" for 127.0.0.1 at 2017-11-14 23:07:15 +0100
Processing by RatesController#index as HTML
  Rendering rates/index.html.erb within layouts/application
  [1m[36mRate Load (13.5ms)[0m  [1m[34mSELECT "rates".* FROM "rates"[0m
  Rendered rates/index.html.erb within layouts/application (19.1ms)
Completed 200 OK in 66ms (Views: 59.7ms | ActiveRecord: 14.3ms)


Started GET "/rates/new" for 127.0.0.1 at 2017-11-14 23:07:17 +0100
Processing by RatesController#new as HTML
  Rendering rates/new.html.erb within layouts/application
  Rendered rates/_form.html.erb (3.3ms)
  Rendered rates/new.html.erb within layouts/application (18.9ms)
Completed 200 OK in 64ms (Views: 53.2ms | ActiveRecord: 0.9ms)


Started GET "/rates/new" for 127.0.0.1 at 2017-11-14 23:08:25 +0100
Processing by RatesController#new as HTML
  Rendering rates/new.html.erb within layouts/application
  Rendered rates/_form.html.erb (0.8ms)
  Rendered rates/new.html.erb within layouts/application (2.1ms)
Completed 500 Internal Server Error in 8ms (ActiveRecord: 0.0ms)


  
SyntaxError (/home/paolo/Scrivania/ruby/fatturazione/app/views/rates/_form.html.erb:16: syntax error, unexpected ')', expecting =>
 :rate_hourly_rate, step:0,5 );@output_buffer.safe_append='
                              ^
/home/paolo/Scrivania/ruby/fatturazione/app/views/rates/_form.html.erb:22: syntax error, unexpected keyword_end, expecting ')'
'.freeze; end 
             ^
/home/paolo/Scrivania/ruby/fatturazione/app/views/rates/_form.html.erb:24: syntax error, unexpected keyword_ensure, expecting ')'
          ensure
                ^
/home/paolo/Scrivania/ruby/fatturazione/app/views/rates/_form.html.erb:26: syntax error, unexpected keyword_end, expecting ')'
          end
             ^):
  
app/views/rates/_form.html.erb:16: syntax error, unexpected ')', expecting =>
app/views/rates/_form.html.erb:22: syntax error, unexpected keyword_end, expecting ')'
app/views/rates/_form.html.erb:24: syntax error, unexpected keyword_ensure, expecting ')'
app/views/rates/_form.html.erb:26: syntax error, unexpected keyword_end, expecting ')'
app/views/rates/new.html.erb:3:in `_app_views_rates_new_html_erb___720552261__625519218'
Started GET "/rates/new" for 127.0.0.1 at 2017-11-14 23:08:33 +0100
Processing by RatesController#new as HTML
  Rendering rates/new.html.erb within layouts/application
  Rendered rates/_form.html.erb (0.8ms)
  Rendered rates/new.html.erb within layouts/application (2.1ms)
Completed 500 Internal Server Error in 6ms (ActiveRecord: 0.0ms)


  
SyntaxError (/home/paolo/Scrivania/ruby/fatturazione/app/views/rates/_form.html.erb:16: syntax error, unexpected ')', expecting =>
:rate_hourly_rate, step: 0,5 );@output_buffer.safe_append='
                              ^
/home/paolo/Scrivania/ruby/fatturazione/app/views/rates/_form.html.erb:22: syntax error, unexpected keyword_end, expecting ')'
'.freeze; end 
             ^
/home/paolo/Scrivania/ruby/fatturazione/app/views/rates/_form.html.erb:24: syntax error, unexpected keyword_ensure, expecting ')'
          ensure
                ^
/home/paolo/Scrivania/ruby/fatturazione/app/views/rates/_form.html.erb:26: syntax error, unexpected keyword_end, expecting ')'
          end
             ^):
  
app/views/rates/_form.html.erb:16: syntax error, unexpected ')', expecting =>
app/views/rates/_form.html.erb:22: syntax error, unexpected keyword_end, expecting ')'
app/views/rates/_form.html.erb:24: syntax error, unexpected keyword_ensure, expecting ')'
app/views/rates/_form.html.erb:26: syntax error, unexpected keyword_end, expecting ')'
app/views/rates/new.html.erb:3:in `_app_views_rates_new_html_erb___720552261__627589058'
Started GET "/rates/new" for 127.0.0.1 at 2017-11-14 23:09:05 +0100
Processing by RatesController#new as HTML
  Rendering rates/new.html.erb within layouts/application
  Rendered rates/_form.html.erb (2.4ms)
  Rendered rates/new.html.erb within layouts/application (4.4ms)
Completed 200 OK in 35ms (Views: 33.8ms | ActiveRecord: 0.0ms)


Started POST "/rates" for 127.0.0.1 at 2017-11-14 23:09:15 +0100
Processing by RatesController#create as HTML
  Parameters: {"utf8"=>"✓", "authenticity_token"=>"5Dw6jDM4QeTk/5/LERd7JQpRxgR4sNTrzKUrZU+W4B9uIId6FSfqgchhFeYI0yINij59g8/lH6O9nbQ9XQBZVA==", "rate"=>{"hourly_rate"=>"8.5"}, "commit"=>"Create Rate"}
  [1m[35m (0.1ms)[0m  [1m[36mbegin transaction[0m
  [1m[35mSQL (1.5ms)[0m  [1m[32mINSERT INTO "rates" ("hourly_rate", "created_at", "updated_at") VALUES (?, ?, ?)[0m  [["hourly_rate", 8.5], ["created_at", "2017-11-14 22:09:15.299171"], ["updated_at", "2017-11-14 22:09:15.299171"]]
  [1m[35m (54.0ms)[0m  [1m[36mcommit transaction[0m
Redirected to http://localhost:3000/rates/1
Completed 302 Found in 62ms (ActiveRecord: 55.6ms)


Started GET "/rates/1" for 127.0.0.1 at 2017-11-14 23:09:15 +0100
Processing by RatesController#show as HTML
  Parameters: {"id"=>"1"}
  [1m[36mRate Load (0.2ms)[0m  [1m[34mSELECT  "rates".* FROM "rates" WHERE "rates"."id" = ? LIMIT ?[0m  [["id", 1], ["LIMIT", 1]]
  Rendering rates/show.html.erb within layouts/application
  Rendered rates/show.html.erb within layouts/application (1.3ms)
Completed 200 OK in 81ms (Views: 45.3ms | ActiveRecord: 0.2ms)


Started GET "/rates" for 127.0.0.1 at 2017-11-14 23:09:17 +0100
Processing by RatesController#index as HTML
  Rendering rates/index.html.erb within layouts/application
  [1m[36mRate Load (0.5ms)[0m  [1m[34mSELECT "rates".* FROM "rates"[0m
  Rendered rates/index.html.erb within layouts/application (6.7ms)
Completed 200 OK in 52ms (Views: 50.6ms | ActiveRecord: 0.5ms)


Started GET "/performances" for 127.0.0.1 at 2017-11-14 23:09:28 +0100
Processing by PerformancesController#index as HTML
Completed 500 Internal Server Error in 19ms (ActiveRecord: 0.0ms)


  
ArgumentError (Unknown key: :on_delete. Valid keys are: :class_name, :anonymous_class, :foreign_key, :validate, :autosave, :foreign_type, :dependent, :primary_key, :inverse_of, :required, :polymorphic, :touch, :counter_cache, :optional, :default):
  
app/models/performance.rb:2:in `<class:Performance>'
app/models/performance.rb:1:in `<top (required)>'
app/controllers/performances_controller.rb:7:in `index'
Started GET "/performances" for 127.0.0.1 at 2017-11-14 23:10:36 +0100
Processing by PerformancesController#index as HTML
Completed 500 Internal Server Error in 3ms


  
ArgumentError (Unknown key: :on_delete. Valid keys are: :class_name, :anonymous_class, :foreign_key, :validate, :autosave, :foreign_type, :dependent, :primary_key, :inverse_of, :required, :polymorphic, :touch, :counter_cache, :optional, :default):
  
app/models/performance.rb:2:in `<class:Performance>'
app/models/performance.rb:1:in `<top (required)>'
app/controllers/performances_controller.rb:7:in `index'
Started GET "/performances" for 127.0.0.1 at 2017-11-14 23:10:39 +0100
Processing by PerformancesController#index as HTML
Completed 500 Internal Server Error in 3ms


  
ArgumentError (Unknown key: :on_delete. Valid keys are: :class_name, :anonymous_class, :foreign_key, :validate, :autosave, :foreign_type, :dependent, :primary_key, :inverse_of, :required, :polymorphic, :touch, :counter_cache, :optional, :default):
  
app/models/performance.rb:2:in `<class:Performance>'
app/models/performance.rb:1:in `<top (required)>'
app/controllers/performances_controller.rb:7:in `index'
Started GET "/performances" for 127.0.0.1 at 2017-11-14 23:10:48 +0100
Processing by PerformancesController#index as HTML
  Rendering performances/index.html.erb within layouts/application
  [1m[36mPerformance Load (0.1ms)[0m  [1m[34mSELECT "performances".* FROM "performances"[0m
  Rendered performances/index.html.erb within layouts/application (6.7ms)
Completed 200 OK in 83ms (Views: 45.8ms | ActiveRecord: 0.8ms)


Started GET "/performances/new" for 127.0.0.1 at 2017-11-14 23:10:50 +0100
Processing by PerformancesController#new as HTML
  Rendering performances/new.html.erb within layouts/application
  Rendered performances/_form.html.erb (75.0ms)
  Rendered performances/new.html.erb within layouts/application (82.6ms)
Completed 200 OK in 146ms (Views: 120.2ms | ActiveRecord: 0.8ms)


Started GET "/performances/new" for 127.0.0.1 at 2017-11-14 23:12:09 +0100
Processing by PerformancesController#new as HTML
  Rendering performances/new.html.erb within layouts/application
  [1m[36mClient Load (0.4ms)[0m  [1m[34mSELECT "clients".* FROM "clients"[0m
  Rendered performances/_form.html.erb (57.9ms)
  Rendered performances/new.html.erb within layouts/application (61.1ms)
Completed 200 OK in 100ms (Views: 97.4ms | ActiveRecord: 1.0ms)


Started GET "/performances/new" for 127.0.0.1 at 2017-11-14 23:13:01 +0100
Processing by PerformancesController#new as HTML
  Rendering performances/new.html.erb within layouts/application
  [1m[36mClient Load (0.4ms)[0m  [1m[34mSELECT "clients".* FROM "clients"[0m
  Rendered performances/_form.html.erb (11.6ms)
  Rendered performances/new.html.erb within layouts/application (13.8ms)
Completed 200 OK in 54ms (Views: 52.3ms | ActiveRecord: 0.4ms)


Started GET "/performances/new" for 127.0.0.1 at 2017-11-14 23:14:21 +0100
Processing by PerformancesController#new as HTML
  Rendering performances/new.html.erb within layouts/application
  [1m[36mClient Load (1.1ms)[0m  [1m[34mSELECT "clients".* FROM "clients"[0m
  [1m[36mRate Load (0.4ms)[0m  [1m[34mSELECT "rates".* FROM "rates"[0m
  Rendered performances/_form.html.erb (31.7ms)
  Rendered performances/new.html.erb within layouts/application (33.5ms)
Completed 200 OK in 85ms (Views: 80.1ms | ActiveRecord: 3.5ms)


Started POST "/performances" for 127.0.0.1 at 2017-11-14 23:14:35 +0100
Processing by PerformancesController#create as HTML
  Parameters: {"utf8"=>"✓", "authenticity_token"=>"bM051ft8OgN48Zeggb/t4LzAcgHqTXZOfL9huY2NRvfm0YQj3WORZlRvHY2Ye7TIPK/Jhl0YvQYNh/7hnxv/vA==", "performance"=>{"client_id"=>"1", "description"=>"Sviluppo skeleton app", "date(1i)"=>"2017", "date(2i)"=>"11", "date(3i)"=>"14", "duration"=>"2.5", "rate_id"=>"1"}, "commit"=>"Create Performance"}
  [1m[35m (0.1ms)[0m  [1m[36mbegin transaction[0m
  [1m[36mClient Load (0.3ms)[0m  [1m[34mSELECT  "clients".* FROM "clients" WHERE "clients"."id" = ? LIMIT ?[0m  [["id", 1], ["LIMIT", 1]]
  [1m[36mRate Load (0.1ms)[0m  [1m[34mSELECT  "rates".* FROM "rates" WHERE "rates"."id" = ? LIMIT ?[0m  [["id", 1], ["LIMIT", 1]]
  [1m[35m (0.1ms)[0m  [1m[31mrollback transaction[0m
  Rendering performances/new.html.erb within layouts/application
  [1m[36mClient Load (0.2ms)[0m  [1m[34mSELECT "clients".* FROM "clients"[0m
  [1m[36mRate Load (0.7ms)[0m  [1m[34mSELECT "rates".* FROM "rates"[0m
  Rendered performances/_form.html.erb (17.5ms)
  Rendered performances/new.html.erb within layouts/application (19.9ms)
Completed 200 OK in 134ms (Views: 66.3ms | ActiveRecord: 1.5ms)


Started POST "/performances" for 127.0.0.1 at 2017-11-14 23:14:51 +0100
Processing by PerformancesController#create as HTML
  Parameters: {"utf8"=>"✓", "authenticity_token"=>"Ehm2EyXlsuD+wG0KIabRUlpkT4pN299yGoGztyD5Qe6YBQvlA/oZhdJe5yc4Yoh62gv0DfqOFDpruSzvMm/4pQ==", "performance"=>{"client_id"=>"1", "description"=>"Sviluppo skeleton app", "date(1i)"=>"2017", "date(2i)"=>"11", "date(3i)"=>"14", "duration"=>"2.5", "rate_id"=>"1"}, "commit"=>"Create Performance"}
  [1m[35m (0.1ms)[0m  [1m[36mbegin transaction[0m
  [1m[36mClient Load (0.3ms)[0m  [1m[34mSELECT  "clients".* FROM "clients" WHERE "clients"."id" = ? LIMIT ?[0m  [["id", 1], ["LIMIT", 1]]
  [1m[36mRate Load (0.3ms)[0m  [1m[34mSELECT  "rates".* FROM "rates" WHERE "rates"."id" = ? LIMIT ?[0m  [["id", 1], ["LIMIT", 1]]
  [1m[35mSQL (32.5ms)[0m  [1m[32mINSERT INTO "performances" ("client_id", "description", "date", "duration", "rate_id", "created_at", "updated_at") VALUES (?, ?, ?, ?, ?, ?, ?)[0m  [["client_id", 1], ["description", "Sviluppo skeleton app"], ["date", "2017-11-14"], ["duration", 2], ["rate_id", 1], ["created_at", "2017-11-14 22:14:51.904132"], ["updated_at", "2017-11-14 22:14:51.904132"]]
  [1m[35m (44.5ms)[0m  [1m[36mcommit transaction[0m
Redirected to http://localhost:3000/performances/1
Completed 302 Found in 215ms (ActiveRecord: 85.7ms)


Started GET "/performances/1" for 127.0.0.1 at 2017-11-14 23:14:52 +0100
Processing by PerformancesController#show as HTML
  Parameters: {"id"=>"1"}
  [1m[36mPerformance Load (0.4ms)[0m  [1m[34mSELECT  "performances".* FROM "performances" WHERE "performances"."id" = ? LIMIT ?[0m  [["id", 1], ["LIMIT", 1]]
  Rendering performances/show.html.erb within layouts/application
  [1m[36mClient Load (0.4ms)[0m  [1m[34mSELECT  "clients".* FROM "clients" WHERE "clients"."id" = ? LIMIT ?[0m  [["id", 1], ["LIMIT", 1]]
  [1m[36mRate Load (0.3ms)[0m  [1m[34mSELECT  "rates".* FROM "rates" WHERE "rates"."id" = ? LIMIT ?[0m  [["id", 1], ["LIMIT", 1]]
  Rendered performances/show.html.erb within layouts/application (8.7ms)
Completed 200 OK in 88ms (Views: 61.9ms | ActiveRecord: 1.1ms)


Started GET "/performances" for 127.0.0.1 at 2017-11-14 23:14:55 +0100
Processing by PerformancesController#index as HTML
  Rendering performances/index.html.erb within layouts/application
  [1m[36mPerformance Load (0.4ms)[0m  [1m[34mSELECT "performances".* FROM "performances"[0m
  [1m[36mClient Load (0.1ms)[0m  [1m[34mSELECT  "clients".* FROM "clients" WHERE "clients"."id" = ? LIMIT ?[0m  [["id", 1], ["LIMIT", 1]]
  [1m[36mRate Load (0.1ms)[0m  [1m[34mSELECT  "rates".* FROM "rates" WHERE "rates"."id" = ? LIMIT ?[0m  [["id", 1], ["LIMIT", 1]]
  Rendered performances/index.html.erb within layouts/application (10.5ms)
Completed 200 OK in 55ms (Views: 51.9ms | ActiveRecord: 0.7ms)


Started GET "/performances" for 127.0.0.1 at 2017-11-14 23:15:21 +0100
Processing by PerformancesController#index as HTML
  Rendering performances/index.html.erb within layouts/application
  [1m[36mPerformance Load (0.1ms)[0m  [1m[34mSELECT "performances".* FROM "performances"[0m
  [1m[36mClient Load (0.7ms)[0m  [1m[34mSELECT  "clients".* FROM "clients" WHERE "clients"."id" = ? LIMIT ?[0m  [["id", 1], ["LIMIT", 1]]
  [1m[36mRate Load (0.3ms)[0m  [1m[34mSELECT  "rates".* FROM "rates" WHERE "rates"."id" = ? LIMIT ?[0m  [["id", 1], ["LIMIT", 1]]
  Rendered performances/index.html.erb within layouts/application (79.8ms)
Completed 200 OK in 128ms (Views: 118.4ms | ActiveRecord: 6.8ms)


Started GET "/performances" for 127.0.0.1 at 2017-11-14 23:16:20 +0100
Processing by PerformancesController#index as HTML
  Rendering performances/index.html.erb within layouts/application
  [1m[36mPerformance Load (0.1ms)[0m  [1m[34mSELECT "performances".* FROM "performances"[0m
  [1m[36mClient Load (0.3ms)[0m  [1m[34mSELECT  "clients".* FROM "clients" WHERE "clients"."id" = ? LIMIT ?[0m  [["id", 1], ["LIMIT", 1]]
  [1m[36mRate Load (0.2ms)[0m  [1m[34mSELECT  "rates".* FROM "rates" WHERE "rates"."id" = ? LIMIT ?[0m  [["id", 1], ["LIMIT", 1]]
  Rendered performances/index.html.erb within layouts/application (70.9ms)
Completed 500 Internal Server Error in 81ms (ActiveRecord: 3.4ms)


  
ActionView::Template::Error (no implicit conversion of Float into String):
    23:         <td><%= performance.date %></td>
    24:         <td><%= performance.duration %></td>
    25:         <td><%= performance.invoiced %></td>
    26:         <td><%= performance.rate %></td>
    27:         <td><%= link_to 'Show', performance %></td>
    28:         <td><%= link_to 'Edit', edit_performance_path(performance) %></td>
    29:         <td><%= link_to 'Destroy', performance, method: :delete, data: { confirm: 'Are you sure?' } %></td>
  
app/views/performances/index.html.erb:26:in `block in _app_views_performances_index_html_erb__184319654_35022020'
app/views/performances/index.html.erb:19:in `_app_views_performances_index_html_erb__184319654_35022020'
Started GET "/performances" for 127.0.0.1 at 2017-11-14 23:17:47 +0100
Processing by PerformancesController#index as HTML
  Rendering performances/index.html.erb within layouts/application
  [1m[36mPerformance Load (0.3ms)[0m  [1m[34mSELECT "performances".* FROM "performances"[0m
  [1m[36mClient Load (0.1ms)[0m  [1m[34mSELECT  "clients".* FROM "clients" WHERE "clients"."id" = ? LIMIT ?[0m  [["id", 1], ["LIMIT", 1]]
  [1m[36mRate Load (0.1ms)[0m  [1m[34mSELECT  "rates".* FROM "rates" WHERE "rates"."id" = ? LIMIT ?[0m  [["id", 1], ["LIMIT", 1]]
  Rendered performances/index.html.erb within layouts/application (6.6ms)
Completed 500 Internal Server Error in 11ms (ActiveRecord: 0.5ms)


  
ActionView::Template::Error (no implicit conversion of Float into String):
    23:         <td><%= performance.date %></td>
    24:         <td><%= performance.duration %></td>
    25:         <td><%= performance.invoiced %></td>
    26:         <td><%= performance.rate %></td>
    27:         <td><%= link_to 'Show', performance %></td>
    28:         <td><%= link_to 'Edit', edit_performance_path(performance) %></td>
    29:         <td><%= link_to 'Destroy', performance, method: :delete, data: { confirm: 'Are you sure?' } %></td>
  
app/views/performances/index.html.erb:26:in `block in _app_views_performances_index_html_erb__184319654__628999078'
app/views/performances/index.html.erb:19:in `_app_views_performances_index_html_erb__184319654__628999078'
Started GET "/performances" for 127.0.0.1 at 2017-11-14 23:17:52 +0100
Processing by PerformancesController#index as HTML
  Rendering performances/index.html.erb within layouts/application
  [1m[36mPerformance Load (0.2ms)[0m  [1m[34mSELECT "performances".* FROM "performances"[0m
  [1m[36mClient Load (0.1ms)[0m  [1m[34mSELECT  "clients".* FROM "clients" WHERE "clients"."id" = ? LIMIT ?[0m  [["id", 1], ["LIMIT", 1]]
  [1m[36mRate Load (0.2ms)[0m  [1m[34mSELECT  "rates".* FROM "rates" WHERE "rates"."id" = ? LIMIT ?[0m  [["id", 1], ["LIMIT", 1]]
  Rendered performances/index.html.erb within layouts/application (7.8ms)
Completed 500 Internal Server Error in 12ms (ActiveRecord: 0.5ms)


  
ActionView::Template::Error (no implicit conversion of Float into String):
    23:         <td><%= performance.date %></td>
    24:         <td><%= performance.duration %></td>
    25:         <td><%= performance.invoiced %></td>
    26:         <td><%= performance.rate %></td>
    27:         <td><%= link_to 'Show', performance %></td>
    28:         <td><%= link_to 'Edit', edit_performance_path(performance) %></td>
    29:         <td><%= link_to 'Destroy', performance, method: :delete, data: { confirm: 'Are you sure?' } %></td>
  
app/views/performances/index.html.erb:26:in `block in _app_views_performances_index_html_erb__184319654__633261438'
app/views/performances/index.html.erb:19:in `_app_views_performances_index_html_erb__184319654__633261438'
Started GET "/performances" for 127.0.0.1 at 2017-11-14 23:18:15 +0100
Processing by PerformancesController#index as HTML
  Rendering performances/index.html.erb within layouts/application
  [1m[36mPerformance Load (0.2ms)[0m  [1m[34mSELECT "performances".* FROM "performances"[0m
  [1m[36mClient Load (0.1ms)[0m  [1m[34mSELECT  "clients".* FROM "clients" WHERE "clients"."id" = ? LIMIT ?[0m  [["id", 1], ["LIMIT", 1]]
  Rendered performances/index.html.erb within layouts/application (6.5ms)
Completed 200 OK in 38ms (Views: 36.3ms | ActiveRecord: 0.3ms)


Started GET "/performances" for 127.0.0.1 at 2017-11-14 23:18:23 +0100
Processing by PerformancesController#index as HTML
  Rendering performances/index.html.erb within layouts/application
  [1m[36mPerformance Load (0.4ms)[0m  [1m[34mSELECT "performances".* FROM "performances"[0m
  [1m[36mClient Load (0.2ms)[0m  [1m[34mSELECT  "clients".* FROM "clients" WHERE "clients"."id" = ? LIMIT ?[0m  [["id", 1], ["LIMIT", 1]]
  [1m[36mRate Load (0.1ms)[0m  [1m[34mSELECT  "rates".* FROM "rates" WHERE "rates"."id" = ? LIMIT ?[0m  [["id", 1], ["LIMIT", 1]]
  Rendered performances/index.html.erb within layouts/application (14.3ms)
Completed 500 Internal Server Error in 18ms (ActiveRecord: 0.7ms)


  
ActionView::Template::Error (no implicit conversion of Float into String):
    23:         <td><%= performance.date %></td>
    24:         <td><%= performance.duration %></td>
    25:         <td><%= performance.invoiced %></td>
    26:         <td><%= performance.rate %></td>
    27:         <td><%= link_to 'Show', performance %></td>
    28:         <td><%= link_to 'Edit', edit_performance_path(performance) %></td>
    29:         <td><%= link_to 'Destroy', performance, method: :delete, data: { confirm: 'Are you sure?' } %></td>
  
app/views/performances/index.html.erb:26:in `block in _app_views_performances_index_html_erb__184319654_37398180'
app/views/performances/index.html.erb:19:in `_app_views_performances_index_html_erb__184319654_37398180'
Started GET "/performances" for 127.0.0.1 at 2017-11-14 23:18:35 +0100
Processing by PerformancesController#index as HTML
  Rendering performances/index.html.erb within layouts/application
  [1m[36mPerformance Load (0.1ms)[0m  [1m[34mSELECT "performances".* FROM "performances"[0m
  [1m[36mClient Load (0.2ms)[0m  [1m[34mSELECT  "clients".* FROM "clients" WHERE "clients"."id" = ? LIMIT ?[0m  [["id", 1], ["LIMIT", 1]]
  [1m[36mRate Load (0.1ms)[0m  [1m[34mSELECT  "rates".* FROM "rates" WHERE "rates"."id" = ? LIMIT ?[0m  [["id", 1], ["LIMIT", 1]]
  Rendered performances/index.html.erb within layouts/application (63.4ms)
Completed 200 OK in 101ms (Views: 95.2ms | ActiveRecord: 6.6ms)


Started GET "/performances" for 127.0.0.1 at 2017-11-14 23:18:44 +0100
Processing by PerformancesController#index as HTML
  Rendering performances/index.html.erb within layouts/application
  [1m[36mPerformance Load (0.1ms)[0m  [1m[34mSELECT "performances".* FROM "performances"[0m
  [1m[36mClient Load (0.5ms)[0m  [1m[34mSELECT  "clients".* FROM "clients" WHERE "clients"."id" = ? LIMIT ?[0m  [["id", 1], ["LIMIT", 1]]
  [1m[36mRate Load (1.1ms)[0m  [1m[34mSELECT  "rates".* FROM "rates" WHERE "rates"."id" = ? LIMIT ?[0m  [["id", 1], ["LIMIT", 1]]
  Rendered performances/index.html.erb within layouts/application (76.3ms)
Completed 200 OK in 120ms (Views: 111.4ms | ActiveRecord: 5.8ms)


Started GET "/performances" for 127.0.0.1 at 2017-11-14 23:18:52 +0100
Processing by PerformancesController#index as HTML
  Rendering performances/index.html.erb within layouts/application
  [1m[36mPerformance Load (0.3ms)[0m  [1m[34mSELECT "performances".* FROM "performances"[0m
  [1m[36mClient Load (0.6ms)[0m  [1m[34mSELECT  "clients".* FROM "clients" WHERE "clients"."id" = ? LIMIT ?[0m  [["id", 1], ["LIMIT", 1]]
  [1m[36mRate Load (0.2ms)[0m  [1m[34mSELECT  "rates".* FROM "rates" WHERE "rates"."id" = ? LIMIT ?[0m  [["id", 1], ["LIMIT", 1]]
  Rendered performances/index.html.erb within layouts/application (105.5ms)
Completed 200 OK in 166ms (Views: 155.7ms | ActiveRecord: 8.1ms)


Started GET "/performances" for 127.0.0.1 at 2017-11-14 23:19:00 +0100
Processing by PerformancesController#index as HTML
  Rendering performances/index.html.erb within layouts/application
  [1m[36mPerformance Load (0.1ms)[0m  [1m[34mSELECT "performances".* FROM "performances"[0m
  [1m[36mClient Load (0.2ms)[0m  [1m[34mSELECT  "clients".* FROM "clients" WHERE "clients"."id" = ? LIMIT ?[0m  [["id", 1], ["LIMIT", 1]]
  [1m[36mRate Load (0.1ms)[0m  [1m[34mSELECT  "rates".* FROM "rates" WHERE "rates"."id" = ? LIMIT ?[0m  [["id", 1], ["LIMIT", 1]]
  Rendered performances/index.html.erb within layouts/application (78.4ms)
Completed 200 OK in 122ms (Views: 115.6ms | ActiveRecord: 3.2ms)


Started GET "/clients" for 127.0.0.1 at 2017-11-14 23:19:22 +0100
Processing by ClientsController#index as HTML
  Rendering clients/index.html.erb within layouts/application
  [1m[36mClient Load (0.2ms)[0m  [1m[34mSELECT "clients".* FROM "clients"[0m
  Rendered clients/index.html.erb within layouts/application (3.4ms)
Completed 200 OK in 50ms (Views: 48.0ms | ActiveRecord: 0.2ms)


